2025-07-15 15:05:03,263 - DEBUG - Importing BlpImagePlugin
2025-07-15 15:05:03,265 - DEBUG - Importing BmpImagePlugin
2025-07-15 15:05:03,265 - DEBUG - Importing BufrStubImagePlugin
2025-07-15 15:05:03,267 - DEBUG - Importing CurImagePlugin
2025-07-15 15:05:03,268 - DEBUG - Importing DcxImagePlugin
2025-07-15 15:05:03,268 - DEBUG - Importing DdsImagePlugin
2025-07-15 15:05:03,272 - DEBUG - Importing EpsImagePlugin
2025-07-15 15:05:03,274 - DEBUG - Importing FitsImagePlugin
2025-07-15 15:05:03,276 - DEBUG - Importing FliImagePlugin
2025-07-15 15:05:03,277 - DEBUG - Importing FpxImagePlugin
2025-07-15 15:05:03,278 - DEBUG - Image: failed to import FpxImagePlugin: No module named 'olefile'
2025-07-15 15:05:03,291 - DEBUG - Importing FtexImagePlugin
2025-07-15 15:05:03,292 - DEBUG - Importing GbrImagePlugin
2025-07-15 15:05:03,292 - DEBUG - Importing GifImagePlugin
2025-07-15 15:05:03,293 - DEBUG - Importing GribStubImagePlugin
2025-07-15 15:05:03,293 - DEBUG - Importing Hdf5StubImagePlugin
2025-07-15 15:05:03,295 - DEBUG - Importing IcnsImagePlugin
2025-07-15 15:05:03,298 - DEBUG - Importing IcoImagePlugin
2025-07-15 15:05:03,298 - DEBUG - Importing ImImagePlugin
2025-07-15 15:05:03,299 - DEBUG - Importing ImtImagePlugin
2025-07-15 15:05:03,300 - DEBUG - Importing IptcImagePlugin
2025-07-15 15:05:03,301 - DEBUG - Importing JpegImagePlugin
2025-07-15 15:05:03,302 - DEBUG - Importing Jpeg2KImagePlugin
2025-07-15 15:05:03,302 - DEBUG - Importing McIdasImagePlugin
2025-07-15 15:05:03,302 - DEBUG - Importing MicImagePlugin
2025-07-15 15:05:03,303 - DEBUG - Image: failed to import MicImagePlugin: No module named 'olefile'
2025-07-15 15:05:03,303 - DEBUG - Importing MpegImagePlugin
2025-07-15 15:05:03,304 - DEBUG - Importing MpoImagePlugin
2025-07-15 15:05:03,310 - DEBUG - Importing MspImagePlugin
2025-07-15 15:05:03,311 - DEBUG - Importing PalmImagePlugin
2025-07-15 15:05:03,312 - DEBUG - Importing PcdImagePlugin
2025-07-15 15:05:03,313 - DEBUG - Importing PcxImagePlugin
2025-07-15 15:05:03,313 - DEBUG - Importing PdfImagePlugin
2025-07-15 15:05:03,318 - DEBUG - Importing PixarImagePlugin
2025-07-15 15:05:03,319 - DEBUG - Importing PngImagePlugin
2025-07-15 15:05:03,319 - DEBUG - Importing PpmImagePlugin
2025-07-15 15:05:03,319 - DEBUG - Importing PsdImagePlugin
2025-07-15 15:05:03,319 - DEBUG - Importing QoiImagePlugin
2025-07-15 15:05:03,320 - DEBUG - Importing SgiImagePlugin
2025-07-15 15:05:03,321 - DEBUG - Importing SpiderImagePlugin
2025-07-15 15:05:03,321 - DEBUG - Importing SunImagePlugin
2025-07-15 15:05:03,322 - DEBUG - Importing TgaImagePlugin
2025-07-15 15:05:03,323 - DEBUG - Importing TiffImagePlugin
2025-07-15 15:05:03,323 - DEBUG - Importing WebPImagePlugin
2025-07-15 15:05:03,360 - DEBUG - Importing WmfImagePlugin
2025-07-15 15:05:03,362 - DEBUG - Importing XbmImagePlugin
2025-07-15 15:05:03,363 - DEBUG - Importing XpmImagePlugin
2025-07-15 15:05:03,365 - DEBUG - Importing XVThumbImagePlugin
2025-07-15 15:45:42,848 - ERROR - Thumbnail error for URL https://i.ytimg.com/vi/wPfNs_N9nE4/hqdefault.jpg?sqp=-oaymwEcCNACELwBSFXyq4qpAw4IARUAAIhCGAFwAcABBg==&rs=AOn4CLBsOtSIkiGnW6ZbstzbGO3O_EOOMQ: HTTPSConnectionPool(host='i.ytimg.com', port=443): Max retries exceeded with url: /vi/wPfNs_N9nE4/hqdefault.jpg?sqp=-oaymwEcCNACELwBSFXyq4qpAw4IARUAAIhCGAFwAcABBg==&rs=AOn4CLBsOtSIkiGnW6ZbstzbGO3O_EOOMQ (Caused by NameResolutionError("<urllib3.connection.HTTPSConnection object at 0x000002274D6D66D0>: Failed to resolve 'i.ytimg.com' ([Errno 11001] getaddrinfo failed)"))
2025-07-15 15:46:41,396 - DEBUG - Importing BlpImagePlugin
2025-07-15 15:46:41,397 - DEBUG - Importing BmpImagePlugin
2025-07-15 15:46:41,397 - DEBUG - Importing BufrStubImagePlugin
2025-07-15 15:46:41,398 - DEBUG - Importing CurImagePlugin
2025-07-15 15:46:41,398 - DEBUG - Importing DcxImagePlugin
2025-07-15 15:46:41,399 - DEBUG - Importing DdsImagePlugin
2025-07-15 15:46:41,402 - DEBUG - Importing EpsImagePlugin
2025-07-15 15:46:41,403 - DEBUG - Importing FitsImagePlugin
2025-07-15 15:46:41,404 - DEBUG - Importing FliImagePlugin
2025-07-15 15:46:41,409 - DEBUG - Importing FpxImagePlugin
2025-07-15 15:46:41,410 - DEBUG - Image: failed to import FpxImagePlugin: No module named 'olefile'
2025-07-15 15:46:41,410 - DEBUG - Importing FtexImagePlugin
2025-07-15 15:46:41,411 - DEBUG - Importing GbrImagePlugin
2025-07-15 15:46:41,411 - DEBUG - Importing GifImagePlugin
2025-07-15 15:46:41,411 - DEBUG - Importing GribStubImagePlugin
2025-07-15 15:46:41,412 - DEBUG - Importing Hdf5StubImagePlugin
2025-07-15 15:46:41,412 - DEBUG - Importing IcnsImagePlugin
2025-07-15 15:46:41,414 - DEBUG - Importing IcoImagePlugin
2025-07-15 15:46:41,414 - DEBUG - Importing ImImagePlugin
2025-07-15 15:46:41,415 - DEBUG - Importing ImtImagePlugin
2025-07-15 15:46:41,416 - DEBUG - Importing IptcImagePlugin
2025-07-15 15:46:41,416 - DEBUG - Importing JpegImagePlugin
2025-07-15 15:46:41,416 - DEBUG - Importing Jpeg2KImagePlugin
2025-07-15 15:46:41,416 - DEBUG - Importing McIdasImagePlugin
2025-07-15 15:46:41,417 - DEBUG - Importing MicImagePlugin
2025-07-15 15:46:41,417 - DEBUG - Image: failed to import MicImagePlugin: No module named 'olefile'
2025-07-15 15:46:41,417 - DEBUG - Importing MpegImagePlugin
2025-07-15 15:46:41,418 - DEBUG - Importing MpoImagePlugin
2025-07-15 15:46:41,421 - DEBUG - Importing MspImagePlugin
2025-07-15 15:46:41,421 - DEBUG - Importing PalmImagePlugin
2025-07-15 15:46:41,421 - DEBUG - Importing PcdImagePlugin
2025-07-15 15:46:41,421 - DEBUG - Importing PcxImagePlugin
2025-07-15 15:46:41,421 - DEBUG - Importing PdfImagePlugin
2025-07-15 15:46:41,430 - DEBUG - Importing PixarImagePlugin
2025-07-15 15:46:41,430 - DEBUG - Importing PngImagePlugin
2025-07-15 15:46:41,430 - DEBUG - Importing PpmImagePlugin
2025-07-15 15:46:41,430 - DEBUG - Importing PsdImagePlugin
2025-07-15 15:46:41,430 - DEBUG - Importing QoiImagePlugin
2025-07-15 15:46:41,430 - DEBUG - Importing SgiImagePlugin
2025-07-15 15:46:41,430 - DEBUG - Importing SpiderImagePlugin
2025-07-15 15:46:41,430 - DEBUG - Importing SunImagePlugin
2025-07-15 15:46:41,430 - DEBUG - Importing TgaImagePlugin
2025-07-15 15:46:41,430 - DEBUG - Importing TiffImagePlugin
2025-07-15 15:46:41,430 - DEBUG - Importing WebPImagePlugin
2025-07-15 15:46:41,461 - DEBUG - Importing WmfImagePlugin
2025-07-15 15:46:41,462 - DEBUG - Importing XbmImagePlugin
2025-07-15 15:46:41,463 - DEBUG - Importing XpmImagePlugin
2025-07-15 15:46:41,464 - DEBUG - Importing XVThumbImagePlugin
2025-07-15 15:47:47,762 - WARNING - No thumbnail URL provided
2025-07-15 15:49:20,633 - DEBUG - Importing BlpImagePlugin
2025-07-15 15:49:20,634 - DEBUG - Importing BmpImagePlugin
2025-07-15 15:49:20,634 - DEBUG - Importing BufrStubImagePlugin
2025-07-15 15:49:20,635 - DEBUG - Importing CurImagePlugin
2025-07-15 15:49:20,635 - DEBUG - Importing DcxImagePlugin
2025-07-15 15:49:20,636 - DEBUG - Importing DdsImagePlugin
2025-07-15 15:49:20,638 - DEBUG - Importing EpsImagePlugin
2025-07-15 15:49:20,639 - DEBUG - Importing FitsImagePlugin
2025-07-15 15:49:20,640 - DEBUG - Importing FliImagePlugin
2025-07-15 15:49:20,641 - DEBUG - Importing FpxImagePlugin
2025-07-15 15:49:20,641 - DEBUG - Image: failed to import FpxImagePlugin: No module named 'olefile'
2025-07-15 15:49:20,642 - DEBUG - Importing FtexImagePlugin
2025-07-15 15:49:20,642 - DEBUG - Importing GbrImagePlugin
2025-07-15 15:49:20,642 - DEBUG - Importing GifImagePlugin
2025-07-15 15:49:20,642 - DEBUG - Importing GribStubImagePlugin
2025-07-15 15:49:20,643 - DEBUG - Importing Hdf5StubImagePlugin
2025-07-15 15:49:20,643 - DEBUG - Importing IcnsImagePlugin
2025-07-15 15:49:20,645 - DEBUG - Importing IcoImagePlugin
2025-07-15 15:49:20,645 - DEBUG - Importing ImImagePlugin
2025-07-15 15:49:20,646 - DEBUG - Importing ImtImagePlugin
2025-07-15 15:49:20,646 - DEBUG - Importing IptcImagePlugin
2025-07-15 15:49:20,647 - DEBUG - Importing JpegImagePlugin
2025-07-15 15:49:20,647 - DEBUG - Importing Jpeg2KImagePlugin
2025-07-15 15:49:20,647 - DEBUG - Importing McIdasImagePlugin
2025-07-15 15:49:20,647 - DEBUG - Importing MicImagePlugin
2025-07-15 15:49:20,648 - DEBUG - Image: failed to import MicImagePlugin: No module named 'olefile'
2025-07-15 15:49:20,648 - DEBUG - Importing MpegImagePlugin
2025-07-15 15:49:20,649 - DEBUG - Importing MpoImagePlugin
2025-07-15 15:49:20,652 - DEBUG - Importing MspImagePlugin
2025-07-15 15:49:20,653 - DEBUG - Importing PalmImagePlugin
2025-07-15 15:49:20,653 - DEBUG - Importing PcdImagePlugin
2025-07-15 15:49:20,654 - DEBUG - Importing PcxImagePlugin
2025-07-15 15:49:20,654 - DEBUG - Importing PdfImagePlugin
2025-07-15 15:49:20,658 - DEBUG - Importing PixarImagePlugin
2025-07-15 15:49:20,658 - DEBUG - Importing PngImagePlugin
2025-07-15 15:49:20,658 - DEBUG - Importing PpmImagePlugin
2025-07-15 15:49:20,658 - DEBUG - Importing PsdImagePlugin
2025-07-15 15:49:20,659 - DEBUG - Importing QoiImagePlugin
2025-07-15 15:49:20,659 - DEBUG - Importing SgiImagePlugin
2025-07-15 15:49:20,660 - DEBUG - Importing SpiderImagePlugin
2025-07-15 15:49:20,661 - DEBUG - Importing SunImagePlugin
2025-07-15 15:49:20,661 - DEBUG - Importing TgaImagePlugin
2025-07-15 15:49:20,662 - DEBUG - Importing TiffImagePlugin
2025-07-15 15:49:20,662 - DEBUG - Importing WebPImagePlugin
2025-07-15 15:49:20,663 - DEBUG - Importing WmfImagePlugin
2025-07-15 15:49:20,663 - DEBUG - Importing XbmImagePlugin
2025-07-15 15:49:20,664 - DEBUG - Importing XpmImagePlugin
2025-07-15 15:49:20,664 - DEBUG - Importing XVThumbImagePlugin
2025-07-15 16:07:08,185 - ERROR - Preview error for https://www.youtube.com/watch?v=zIl26vqo9l4&list=RDwPfNs_N9nE4&index=2&ab_channel=LILIAC: [0;31mERROR:[0m 'cookies.txt' does not look like a Netscape format cookies file
2025-07-15 16:16:39,978 - DEBUG - Importing BlpImagePlugin
2025-07-15 16:16:39,978 - DEBUG - Importing BmpImagePlugin
2025-07-15 16:16:39,978 - DEBUG - Importing BufrStubImagePlugin
2025-07-15 16:16:39,978 - DEBUG - Importing CurImagePlugin
2025-07-15 16:16:39,978 - DEBUG - Importing DcxImagePlugin
2025-07-15 16:16:39,978 - DEBUG - Importing DdsImagePlugin
2025-07-15 16:16:39,993 - DEBUG - Importing EpsImagePlugin
2025-07-15 16:16:39,993 - DEBUG - Importing FitsImagePlugin
2025-07-15 16:16:39,993 - DEBUG - Importing FliImagePlugin
2025-07-15 16:16:39,993 - DEBUG - Importing FpxImagePlugin
2025-07-15 16:16:39,993 - DEBUG - Image: failed to import FpxImagePlugin: No module named 'olefile'
2025-07-15 16:16:39,993 - DEBUG - Importing FtexImagePlugin
2025-07-15 16:16:39,993 - DEBUG - Importing GbrImagePlugin
2025-07-15 16:16:39,993 - DEBUG - Importing GifImagePlugin
2025-07-15 16:16:39,993 - DEBUG - Importing GribStubImagePlugin
2025-07-15 16:16:39,993 - DEBUG - Importing Hdf5StubImagePlugin
2025-07-15 16:16:39,993 - DEBUG - Importing IcnsImagePlugin
2025-07-15 16:16:39,993 - DEBUG - Importing IcoImagePlugin
2025-07-15 16:16:39,993 - DEBUG - Importing ImImagePlugin
2025-07-15 16:16:39,993 - DEBUG - Importing ImtImagePlugin
2025-07-15 16:16:39,993 - DEBUG - Importing IptcImagePlugin
2025-07-15 16:16:39,993 - DEBUG - Importing JpegImagePlugin
2025-07-15 16:16:39,993 - DEBUG - Importing Jpeg2KImagePlugin
2025-07-15 16:16:39,993 - DEBUG - Importing McIdasImagePlugin
2025-07-15 16:16:39,993 - DEBUG - Importing MicImagePlugin
2025-07-15 16:16:39,993 - DEBUG - Image: failed to import MicImagePlugin: No module named 'olefile'
2025-07-15 16:16:39,993 - DEBUG - Importing MpegImagePlugin
2025-07-15 16:16:39,993 - DEBUG - Importing MpoImagePlugin
2025-07-15 16:16:39,993 - DEBUG - Importing MspImagePlugin
2025-07-15 16:16:39,993 - DEBUG - Importing PalmImagePlugin
2025-07-15 16:16:39,993 - DEBUG - Importing PcdImagePlugin
2025-07-15 16:16:40,009 - DEBUG - Importing PcxImagePlugin
2025-07-15 16:16:40,009 - DEBUG - Importing PdfImagePlugin
2025-07-15 16:16:40,009 - DEBUG - Importing PixarImagePlugin
2025-07-15 16:16:40,009 - DEBUG - Importing PngImagePlugin
2025-07-15 16:16:40,009 - DEBUG - Importing PpmImagePlugin
2025-07-15 16:16:40,009 - DEBUG - Importing PsdImagePlugin
2025-07-15 16:16:40,009 - DEBUG - Importing QoiImagePlugin
2025-07-15 16:16:40,009 - DEBUG - Importing SgiImagePlugin
2025-07-15 16:16:40,009 - DEBUG - Importing SpiderImagePlugin
2025-07-15 16:16:40,009 - DEBUG - Importing SunImagePlugin
2025-07-15 16:16:40,009 - DEBUG - Importing TgaImagePlugin
2025-07-15 16:16:40,009 - DEBUG - Importing TiffImagePlugin
2025-07-15 16:16:40,009 - DEBUG - Importing WebPImagePlugin
2025-07-15 16:16:40,009 - DEBUG - Importing WmfImagePlugin
2025-07-15 16:16:40,009 - DEBUG - Importing XbmImagePlugin
2025-07-15 16:16:40,009 - DEBUG - Importing XpmImagePlugin
2025-07-15 16:16:40,009 - DEBUG - Importing XVThumbImagePlugin
